Determining if the pthread_create exist failed with the following output:
Change Dir: /home/kutaygallo/new_arm_ws/build/arm_21_gazebo/CMakeFiles/CMakeTmp

Run Build Command:"/usr/bin/make" "cmTC_cf30b/fast"
/usr/bin/make -f CMakeFiles/cmTC_cf30b.dir/build.make CMakeFiles/cmTC_cf30b.dir/build
make[1]: Entering directory '/home/kutaygallo/new_arm_ws/build/arm_21_gazebo/CMakeFiles/CMakeTmp'
Building C object CMakeFiles/cmTC_cf30b.dir/CheckSymbolExists.c.o
/usr/bin/cc    -o CMakeFiles/cmTC_cf30b.dir/CheckSymbolExists.c.o   -c /home/kutaygallo/new_arm_ws/build/arm_21_gazebo/CMakeFiles/CMakeTmp/CheckSymbolExists.c
Linking C executable cmTC_cf30b
/usr/bin/cmake -E cmake_link_script CMakeFiles/cmTC_cf30b.dir/link.txt --verbose=1
/usr/bin/cc      -rdynamic CMakeFiles/cmTC_cf30b.dir/CheckSymbolExists.c.o  -o cmTC_cf30b 
CMakeFiles/cmTC_cf30b.dir/CheckSymbolExists.c.o: In function `main':
CheckSymbolExists.c:(.text+0x1b): undefined reference to `pthread_create'
collect2: error: ld returned 1 exit status
CMakeFiles/cmTC_cf30b.dir/build.make:97: recipe for target 'cmTC_cf30b' failed
make[1]: *** [cmTC_cf30b] Error 1
make[1]: Leaving directory '/home/kutaygallo/new_arm_ws/build/arm_21_gazebo/CMakeFiles/CMakeTmp'
Makefile:126: recipe for target 'cmTC_cf30b/fast' failed
make: *** [cmTC_cf30b/fast] Error 2

File /home/kutaygallo/new_arm_ws/build/arm_21_gazebo/CMakeFiles/CMakeTmp/CheckSymbolExists.c:
/* */
#include <pthread.h>

int main(int argc, char** argv)
{
  (void)argv;
#ifndef pthread_create
  return ((int*)(&pthread_create))[argc];
#else
  (void)argc;
  return 0;
#endif
}

Determining if the function pthread_create exists in the pthreads failed with the following output:
Change Dir: /home/kutaygallo/new_arm_ws/build/arm_21_gazebo/CMakeFiles/CMakeTmp

Run Build Command:"/usr/bin/make" "cmTC_c3e50/fast"
/usr/bin/make -f CMakeFiles/cmTC_c3e50.dir/build.make CMakeFiles/cmTC_c3e50.dir/build
make[1]: Entering directory '/home/kutaygallo/new_arm_ws/build/arm_21_gazebo/CMakeFiles/CMakeTmp'
Building C object CMakeFiles/cmTC_c3e50.dir/CheckFunctionExists.c.o
/usr/bin/cc   -DCHECK_FUNCTION_EXISTS=pthread_create   -o CMakeFiles/cmTC_c3e50.dir/CheckFunctionExists.c.o   -c /usr/share/cmake-3.10/Modules/CheckFunctionExists.c
Linking C executable cmTC_c3e50
/usr/bin/cmake -E cmake_link_script CMakeFiles/cmTC_c3e50.dir/link.txt --verbose=1
/usr/bin/cc  -DCHECK_FUNCTION_EXISTS=pthread_create    -rdynamic CMakeFiles/cmTC_c3e50.dir/CheckFunctionExists.c.o  -o cmTC_c3e50 -lpthreads 
/usr/bin/ld: cannot find -lpthreads
collect2: error: ld returned 1 exit status
CMakeFiles/cmTC_c3e50.dir/build.make:97: recipe for target 'cmTC_c3e50' failed
make[1]: *** [cmTC_c3e50] Error 1
make[1]: Leaving directory '/home/kutaygallo/new_arm_ws/build/arm_21_gazebo/CMakeFiles/CMakeTmp'
Makefile:126: recipe for target 'cmTC_c3e50/fast' failed
make: *** [cmTC_c3e50/fast] Error 2


